fev. 15, 2026 7:04:31 PM liquibase.database
INFORMAÇÕES: Error fetching reserved words list from JDBC driver
java.sql.SQLSyntaxErrorException: Unknown column 'RESERVED' in 'where clause'
	at com.mysql.cj.jdbc.exceptions.SQLError.createSQLException(SQLError.java:121)
	at com.mysql.cj.jdbc.exceptions.SQLExceptionsMapping.translateException(SQLExceptionsMapping.java:122)
	at com.mysql.cj.jdbc.StatementImpl.executeQuery(StatementImpl.java:1200)
	at com.mysql.cj.jdbc.DatabaseMetaDataUsingInfoSchema.getSQLKeywords(DatabaseMetaDataUsingInfoSchema.java:1194)
	at liquibase.database.jvm.JdbcConnection.attached(JdbcConnection.java:57)
	at liquibase.database.AbstractJdbcDatabase.setConnection(AbstractJdbcDatabase.java:162)
	at liquibase.database.DatabaseFactory.findCorrectDatabaseImplementation(DatabaseFactory.java:133)
	at liquibase.Liquibase.<init>(Liquibase.java:104)
	at br.com.dio.persistence.migration.MigrationStrategy.executeMigration(MigrationStrategy.java:32)
	at br.com.dio.Main.main(Main.java:15)

fev. 15, 2026 7:04:32 PM liquibase.changelog
INFORMAÇÕES: Reading resource: db/changelog/migrations/db.changelog-202408191938.sql
fev. 15, 2026 7:04:32 PM liquibase.changelog
INFORMAÇÕES: Reading resource: db/changelog/migrations/db.changelog-202408210954.sql
fev. 15, 2026 7:04:32 PM liquibase.changelog
INFORMAÇÕES: Reading resource: db/changelog/migrations/db.changelog-202408211004.sql
fev. 15, 2026 7:04:32 PM liquibase.changelog
INFORMAÇÕES: Reading resource: db/changelog/migrations/db.changelog-202408211005.sql
fev. 15, 2026 7:04:32 PM liquibase.changelog
INFORMAÇÕES: Reading resource: db/changelog/migrations/db.changelog-202408281807.sql
fev. 15, 2026 7:04:33 PM liquibase.changelog
INFORMAÇÕES: Reading from board.databasechangelog
Database is up to date, no changesets to execute
fev. 15, 2026 7:04:33 PM liquibase.changelog
INFORMAÇÕES: Reading from board.databasechangelog

UPDATE SUMMARY
Run:                          0
Previously run:               5
Filtered out:                 0
-------------------------------
Total change sets:            5

fev. 15, 2026 7:04:33 PM liquibase.util
INFORMAÇÕES: UPDATE SUMMARY
fev. 15, 2026 7:04:33 PM liquibase.util
INFORMAÇÕES: Run:                          0
fev. 15, 2026 7:04:33 PM liquibase.util
INFORMAÇÕES: Previously run:               5
fev. 15, 2026 7:04:33 PM liquibase.util
INFORMAÇÕES: Filtered out:                 0
fev. 15, 2026 7:04:33 PM liquibase.util
INFORMAÇÕES: -------------------------------
fev. 15, 2026 7:04:33 PM liquibase.util
INFORMAÇÕES: Total change sets:            5
fev. 15, 2026 7:04:33 PM liquibase.util
INFORMAÇÕES: Update summary generated
fev. 15, 2026 7:04:33 PM liquibase.lockservice
INFORMAÇÕES: Successfully released change log lock
fev. 15, 2026 7:04:33 PM liquibase.command
INFORMAÇÕES: Command execution complete
